app/build/outputs/logs/manifest-merger-debug-report.txt
-- Merging decision tree log ---
manifest
ADDED from src/main/AndroidManifest.xml:2:1-108:12
INJECTED from src/main/AndroidManifest.xml:2:1-108:12
INJECTED from src/main/AndroidManifest.xml:2:1-108:12
INJECTED from src/main/AndroidManifest.xml:2:1-108:12
MERGED from [com.android.support:multidex:1.0.3] AndroidManifest.xml:17:1-22:12
MERGED from [uk.co.chrisjenx:calligraphy:2.3.0] AndroidManifest.xml:2:1-13:12
MERGED from [com.karumi:dexter:4.2.0] AndroidManifest.xml:17:1-32:12
MERGED from [com.stripe:stripe-android:6.1.2] AndroidManifest.xml:2:1-27:12
MERGED from [com.wdullaer:materialdatetimepicker:3.6.3] AndroidManifest.xml:17:1-30:12
MERGED from [com.facebook.android:facebook-android-sdk:4.17.0] AndroidManifest.xml:21:1-40:12
MERGED from [com.android.support:design:27.1.1] AndroidManifest.xml:17:1-22:12
MERGED from [com.android.support:appcompat-v7:27.1.1] AndroidManifest.xml:17:1-22:12
MERGED from [com.intuit.sdp:sdp-android:1.0.5] AndroidManifest.xml:2:1-11:12
MERGED from [com.intuit.ssp:ssp-android:1.0.5] AndroidManifest.xml:2:1-11:12
MERGED from [com.codesgood:justifiedtextview:1.0.2] AndroidManifest.xml:2:1-15:12
MERGED from [io.reactivex.rxjava2:rxandroid:2.0.2] AndroidManifest.xml:15:1-21:12
MERGED from [com.wang.avi:library:2.1.3] AndroidManifest.xml:2:1-11:12
MERGED from [com.google.firebase:firebase-messaging:17.3.0] AndroidManifest.xml:17:1-37:12
MERGED from [com.google.firebase:firebase-core:16.0.3] AndroidManifest.xml:2:1-9:12
MERGED from [com.github.omadahealth:swipy:1.2.3] AndroidManifest.xml:2:1-14:12
MERGED from [com.crashlytics.sdk.android:crashlytics:2.9.5] AndroidManifest.xml:2:1-19:12
MERGED from [com.akexorcist:RoundCornerProgressBar:2.0.3] AndroidManifest.xml:2:1-12:12
MERGED from [com.android.support:support-v13:27.1.1] AndroidManifest.xml:17:1-22:12
MERGED from [com.android.support:cardview-v7:25.0.0] AndroidManifest.xml:17:1-24:12
MERGED from [com.android.support:customtabs:25.0.0] AndroidManifest.xml:17:1-24:12
MERGED from [com.google.firebase:firebase-measurement-connector-impl:17.0.1] AndroidManifest.xml:17:1-34:12
MERGED from [com.google.firebase:firebase-analytics:16.0.3] AndroidManifest.xml:17:1-55:12
MERGED from [com.google.android.gms:play-services-measurement-api:16.0.1] AndroidManifest.xml:17:1-25:12
MERGED from [com.google.firebase:firebase-analytics-impl:16.2.1] AndroidManifest.xml:17:1-40:12
MERGED from [com.google.firebase:firebase-iid:17.0.0] AndroidManifest.xml:17:1-59:12
MERGED from [com.google.firebase:firebase-common:16.0.1] AndroidManifest.xml:2:1-17:12
MERGED from [com.google.firebase:firebase-iid-interop:16.0.0] AndroidManifest.xml:2:1-10:12
MERGED from [com.google.android.gms:play-services-base:15.0.1] AndroidManifest.xml:17:1-29:12
MERGED from [com.google.android.gms:play-services-tasks:15.0.1] AndroidManifest.xml:2:1-9:12
MERGED from [com.google.android.gms:play-services-stats:15.0.1] AndroidManifest.xml:2:1-9:12
MERGED from [com.google.android.gms:play-services-ads-identifier:15.0.1] AndroidManifest.xml:17:1-24:12
MERGED from [com.google.firebase:firebase-measurement-connector:17.0.0] AndroidManifest.xml:17:1-25:12
MERGED from [com.google.android.gms:play-services-basement:15.0.1] AndroidManifest.xml:17:1-28:12
MERGED from [com.android.support:support-v4:27.1.1] AndroidManifest.xml:17:1-22:12
MERGED from [com.android.support:support-fragment:27.1.1] AndroidManifest.xml:17:1-22:12
MERGED from [com.android.support:animated-vector-drawable:27.1.1] AndroidManifest.xml:17:1-22:12
MERGED from [com.android.support:recyclerview-v7:27.1.1] AndroidManifest.xml:17:1-22:12
MERGED from [com.android.support:support-core-ui:27.1.1] AndroidManifest.xml:17:1-22:12
MERGED from [com.android.support:support-core-utils:27.1.1] AndroidManifest.xml:17:1-22:12
MERGED from [com.android.support:support-vector-drawable:27.1.1] AndroidManifest.xml:17:1-22:12
MERGED from [com.android.support:transition:27.1.1] AndroidManifest.xml:17:1-22:12
MERGED from [com.android.support:support-media-compat:27.1.1] AndroidManifest.xml:17:1-22:12
MERGED from [com.android.support:support-compat:27.1.1] AndroidManifest.xml:17:1-22:12
MERGED from [com.crashlytics.sdk.android:crashlytics-core:2.6.4] AndroidManifest.xml:45:1-56:12
MERGED from [com.crashlytics.sdk.android:answers:1.4.3] AndroidManifest.xml:2:1-13:12
MERGED from [com.crashlytics.sdk.android:beta:1.2.10] AndroidManifest.xml:2:1-13:12
MERGED from [io.fabric.sdk.android:fabric:1.4.4] AndroidManifest.xml:22:1-33:12
MERGED from [com.google.android.gms:play-services-measurement-base:16.0.2] AndroidManifest.xml:2:1-9:12
MERGED from [android.arch.lifecycle:livedata-core:1.1.0] AndroidManifest.xml:17:1-22:12
MERGED from [android.arch.lifecycle:viewmodel:1.1.0] AndroidManifest.xml:17:1-22:12
MERGED from [android.arch.lifecycle:runtime:1.1.0] AndroidManifest.xml:17:1-22:12
MERGED from [android.arch.core:runtime:1.1.0] AndroidManifest.xml:17:1-22:12
INJECTED from src/main/AndroidManifest.xml:2:1-108:12
INJECTED from src/main/AndroidManifest.xml:2:1-108:12
INJECTED from src/main/AndroidManifest.xml:2:1-108:12
	package
		ADDED from src/main/AndroidManifest.xml:3:5-42
		INJECTED from src/main/AndroidManifest.xml
		INJECTED from src/main/AndroidManifest.xml
	android:versionName
		INJECTED from src/main/AndroidManifest.xml
		ADDED from src/main/AndroidManifest.xml:2:1-108:12
		INJECTED from src/main/AndroidManifest.xml
	android:versionCode
		INJECTED from src/main/AndroidManifest.xml
		ADDED from src/main/AndroidManifest.xml:2:1-108:12
		INJECTED from src/main/AndroidManifest.xml
	xmlns:android
		ADDED from src/main/AndroidManifest.xml:2:11-69
uses-permission#android.permission.INTERNET
ADDED from src/main/AndroidManifest.xml:7:5-67
MERGED from [com.crashlytics.sdk.android:crashlytics:2.9.5] AndroidManifest.xml:9:5-67
MERGED from [com.crashlytics.sdk.android:crashlytics:2.9.5] AndroidManifest.xml:9:5-67
MERGED from [com.google.firebase:firebase-measurement-connector-impl:17.0.1] AndroidManifest.xml:22:5-67
MERGED from [com.google.firebase:firebase-measurement-connector-impl:17.0.1] AndroidManifest.xml:22:5-67
MERGED from [com.google.firebase:firebase-analytics:16.0.3] AndroidManifest.xml:23:5-67
MERGED from [com.google.firebase:firebase-analytics:16.0.3] AndroidManifest.xml:23:5-67
MERGED from [com.google.firebase:firebase-analytics-impl:16.2.1] AndroidManifest.xml:23:5-67
MERGED from [com.google.firebase:firebase-analytics-impl:16.2.1] AndroidManifest.xml:23:5-67
MERGED from [com.google.firebase:firebase-iid:17.0.0] AndroidManifest.xml:23:5-67
MERGED from [com.google.firebase:firebase-iid:17.0.0] AndroidManifest.xml:23:5-67
MERGED from [com.crashlytics.sdk.android:crashlytics-core:2.6.4] AndroidManifest.xml:52:5-67
MERGED from [com.crashlytics.sdk.android:crashlytics-core:2.6.4] AndroidManifest.xml:52:5-67
MERGED from [com.crashlytics.sdk.android:answers:1.4.3] AndroidManifest.xml:9:5-67
MERGED from [com.crashlytics.sdk.android:answers:1.4.3] AndroidManifest.xml:9:5-67
MERGED from [com.crashlytics.sdk.android:beta:1.2.10] AndroidManifest.xml:9:5-67
MERGED from [com.crashlytics.sdk.android:beta:1.2.10] AndroidManifest.xml:9:5-67
MERGED from [io.fabric.sdk.android:fabric:1.4.4] AndroidManifest.xml:29:5-67
MERGED from [io.fabric.sdk.android:fabric:1.4.4] AndroidManifest.xml:29:5-67
	android:name
		ADDED from src/main/AndroidManifest.xml:7:22-64
uses-permission#android.permission.READ_PHONE_STATE
ADDED from src/main/AndroidManifest.xml:8:5-75
	android:name
		ADDED from src/main/AndroidManifest.xml:8:22-72
uses-permission#android.permission.ACCESS_NETWORK_STATE
ADDED from src/main/AndroidManifest.xml:9:5-79
MERGED from [com.google.firebase:firebase-measurement-connector-impl:17.0.1] AndroidManifest.xml:23:5-79
MERGED from [com.google.firebase:firebase-measurement-connector-impl:17.0.1] AndroidManifest.xml:23:5-79
MERGED from [com.google.firebase:firebase-analytics:16.0.3] AndroidManifest.xml:24:5-79
MERGED from [com.google.firebase:firebase-analytics:16.0.3] AndroidManifest.xml:24:5-79
MERGED from [com.google.firebase:firebase-analytics-impl:16.2.1] AndroidManifest.xml:24:5-79
MERGED from [com.google.firebase:firebase-analytics-impl:16.2.1] AndroidManifest.xml:24:5-79
MERGED from [com.google.firebase:firebase-iid:17.0.0] AndroidManifest.xml:22:5-79
MERGED from [com.google.firebase:firebase-iid:17.0.0] AndroidManifest.xml:22:5-79
	android:name
		ADDED from src/main/AndroidManifest.xml:9:22-76
uses-permission#android.permission.ACCESS_WIFI_STATE
ADDED from src/main/AndroidManifest.xml:10:5-75
	android:name
		ADDED from src/main/AndroidManifest.xml:10:22-73
uses-permission#android.permission.ACCESS_FINE_LOCATION
ADDED from src/main/AndroidManifest.xml:11:5-79
	android:name
		ADDED from src/main/AndroidManifest.xml:11:22-76
uses-permission#android.permission.ACCESS_COARSE_LOCATION
ADDED from src/main/AndroidManifest.xml:12:5-81
	android:name
		ADDED from src/main/AndroidManifest.xml:12:22-78
uses-permission#android.permission.CALL_PHONE
ADDED from src/main/AndroidManifest.xml:13:5-69
	android:name
		ADDED from src/main/AndroidManifest.xml:13:22-66
uses-permission#android.permission.SYSTEM_ALERT_WINDOW
ADDED from src/main/AndroidManifest.xml:14:5-78
	android:name
		ADDED from src/main/AndroidManifest.xml:14:22-75
uses-permission#android.permission.READ_EXTERNAL_STORAGE
ADDED from src/main/AndroidManifest.xml:15:5-80
	android:name
		ADDED from src/main/AndroidManifest.xml:15:22-77
uses-permission#android.permission.WRITE_EXTERNAL_STORAGE
ADDED from src/main/AndroidManifest.xml:16:5-81
	android:name
		ADDED from src/main/AndroidManifest.xml:16:22-78
uses-permission#android.permission.VIBRATE
ADDED from src/main/AndroidManifest.xml:17:5-66
MERGED from [com.wdullaer:materialdatetimepicker:3.6.3] AndroidManifest.xml:26:5-66
MERGED from [com.wdullaer:materialdatetimepicker:3.6.3] AndroidManifest.xml:26:5-66
	android:name
		ADDED from src/main/AndroidManifest.xml:17:22-63
uses-permission#android.permission.WAKE_LOCK
ADDED from src/main/AndroidManifest.xml:18:5-68
MERGED from [com.google.firebase:firebase-measurement-connector-impl:17.0.1] AndroidManifest.xml:24:5-68
MERGED from [com.google.firebase:firebase-measurement-connector-impl:17.0.1] AndroidManifest.xml:24:5-68
MERGED from [com.google.firebase:firebase-analytics:16.0.3] AndroidManifest.xml:25:5-68
MERGED from [com.google.firebase:firebase-analytics:16.0.3] AndroidManifest.xml:25:5-68
MERGED from [com.google.firebase:firebase-analytics-impl:16.2.1] AndroidManifest.xml:25:5-68
MERGED from [com.google.firebase:firebase-analytics-impl:16.2.1] AndroidManifest.xml:25:5-68
MERGED from [com.google.firebase:firebase-iid:17.0.0] AndroidManifest.xml:24:5-68
MERGED from [com.google.firebase:firebase-iid:17.0.0] AndroidManifest.xml:24:5-68
	android:name
		ADDED from src/main/AndroidManifest.xml:18:22-65
application
ADDED from src/main/AndroidManifest.xml:22:5-106:19
MERGED from [uk.co.chrisjenx:calligraphy:2.3.0] AndroidManifest.xml:11:5-20
MERGED from [uk.co.chrisjenx:calligraphy:2.3.0] AndroidManifest.xml:11:5-20
MERGED from [com.karumi:dexter:4.2.0] AndroidManifest.xml:26:5-30:19
MERGED from [com.karumi:dexter:4.2.0] AndroidManifest.xml:26:5-30:19
MERGED from [com.stripe:stripe-android:6.1.2] AndroidManifest.xml:11:5-25:19
MERGED from [com.stripe:stripe-android:6.1.2] AndroidManifest.xml:11:5-25:19
MERGED from [com.wdullaer:materialdatetimepicker:3.6.3] AndroidManifest.xml:28:5-20
MERGED from [com.wdullaer:materialdatetimepicker:3.6.3] AndroidManifest.xml:28:5-20
MERGED from [com.facebook.android:facebook-android-sdk:4.17.0] AndroidManifest.xml:28:5-38:19
MERGED from [com.facebook.android:facebook-android-sdk:4.17.0] AndroidManifest.xml:28:5-38:19
MERGED from [com.codesgood:justifiedtextview:1.0.2] AndroidManifest.xml:12:5-13:19
MERGED from [com.codesgood:justifiedtextview:1.0.2] AndroidManifest.xml:12:5-13:19
MERGED from [com.google.firebase:firebase-messaging:17.3.0] AndroidManifest.xml:22:5-35:19
MERGED from [com.google.firebase:firebase-messaging:17.3.0] AndroidManifest.xml:22:5-35:19
MERGED from [com.google.firebase:firebase-core:16.0.3] AndroidManifest.xml:7:5-20
MERGED from [com.google.firebase:firebase-core:16.0.3] AndroidManifest.xml:7:5-20
MERGED from [com.github.omadahealth:swipy:1.2.3] AndroidManifest.xml:11:5-12:19
MERGED from [com.github.omadahealth:swipy:1.2.3] AndroidManifest.xml:11:5-12:19
MERGED from [com.crashlytics.sdk.android:crashlytics:2.9.5] AndroidManifest.xml:11:5-17:19
MERGED from [com.crashlytics.sdk.android:crashlytics:2.9.5] AndroidManifest.xml:11:5-17:19
MERGED from [com.android.support:cardview-v7:25.0.0] AndroidManifest.xml:22:5-20
MERGED from [com.android.support:cardview-v7:25.0.0] AndroidManifest.xml:22:5-20
MERGED from [com.android.support:customtabs:25.0.0] AndroidManifest.xml:22:5-20
MERGED from [com.android.support:customtabs:25.0.0] AndroidManifest.xml:22:5-20
MERGED from [com.google.firebase:firebase-measurement-connector-impl:17.0.1] AndroidManifest.xml:26:5-32:19
MERGED from [com.google.firebase:firebase-measurement-connector-impl:17.0.1] AndroidManifest.xml:26:5-32:19
MERGED from [com.google.firebase:firebase-analytics:16.0.3] AndroidManifest.xml:28:5-53:19
MERGED from [com.google.firebase:firebase-analytics:16.0.3] AndroidManifest.xml:28:5-53:19
MERGED from [com.google.android.gms:play-services-measurement-api:16.0.1] AndroidManifest.xml:22:5-23:19
MERGED from [com.google.android.gms:play-services-measurement-api:16.0.1] AndroidManifest.xml:22:5-23:19
MERGED from [com.google.firebase:firebase-analytics-impl:16.2.1] AndroidManifest.xml:28:5-38:19
MERGED from [com.google.firebase:firebase-analytics-impl:16.2.1] AndroidManifest.xml:28:5-38:19
MERGED from [com.google.firebase:firebase-iid:17.0.0] AndroidManifest.xml:28:5-57:19
MERGED from [com.google.firebase:firebase-iid:17.0.0] AndroidManifest.xml:28:5-57:19
MERGED from [com.google.firebase:firebase-common:16.0.1] AndroidManifest.xml:9:5-15:19
MERGED from [com.google.firebase:firebase-common:16.0.1] AndroidManifest.xml:9:5-15:19
MERGED from [com.google.firebase:firebase-iid-interop:16.0.0] AndroidManifest.xml:7:5-8:19
MERGED from [com.google.firebase:firebase-iid-interop:16.0.0] AndroidManifest.xml:7:5-8:19
MERGED from [com.google.android.gms:play-services-base:15.0.1] AndroidManifest.xml:22:5-27:19
MERGED from [com.google.android.gms:play-services-base:15.0.1] AndroidManifest.xml:22:5-27:19
MERGED from [com.google.android.gms:play-services-tasks:15.0.1] AndroidManifest.xml:7:5-20
MERGED from [com.google.android.gms:play-services-tasks:15.0.1] AndroidManifest.xml:7:5-20
MERGED from [com.google.android.gms:play-services-stats:15.0.1] AndroidManifest.xml:7:5-20
MERGED from [com.google.android.gms:play-services-stats:15.0.1] AndroidManifest.xml:7:5-20
MERGED from [com.google.android.gms:play-services-ads-identifier:15.0.1] AndroidManifest.xml:22:5-20
MERGED from [com.google.android.gms:play-services-ads-identifier:15.0.1] AndroidManifest.xml:22:5-20
MERGED from [com.google.firebase:firebase-measurement-connector:17.0.0] AndroidManifest.xml:22:5-23:19
MERGED from [com.google.firebase:firebase-measurement-connector:17.0.0] AndroidManifest.xml:22:5-23:19
MERGED from [com.google.android.gms:play-services-basement:15.0.1] AndroidManifest.xml:22:5-26:19
MERGED from [com.google.android.gms:play-services-basement:15.0.1] AndroidManifest.xml:22:5-26:19
MERGED from [com.crashlytics.sdk.android:crashlytics-core:2.6.4] AndroidManifest.xml:54:5-20
MERGED from [com.crashlytics.sdk.android:crashlytics-core:2.6.4] AndroidManifest.xml:54:5-20
MERGED from [com.crashlytics.sdk.android:answers:1.4.3] AndroidManifest.xml:11:5-20
MERGED from [com.crashlytics.sdk.android:answers:1.4.3] AndroidManifest.xml:11:5-20
MERGED from [com.crashlytics.sdk.android:beta:1.2.10] AndroidManifest.xml:11:5-20
MERGED from [com.crashlytics.sdk.android:beta:1.2.10] AndroidManifest.xml:11:5-20
MERGED from [io.fabric.sdk.android:fabric:1.4.4] AndroidManifest.xml:31:5-20
MERGED from [io.fabric.sdk.android:fabric:1.4.4] AndroidManifest.xml:31:5-20
MERGED from [com.google.android.gms:play-services-measurement-base:16.0.2] AndroidManifest.xml:7:5-20
MERGED from [com.google.android.gms:play-services-measurement-base:16.0.2] AndroidManifest.xml:7:5-20
	android:supportsRtl
		ADDED from src/main/AndroidManifest.xml:27:9-35
	android:label
		ADDED from src/main/AndroidManifest.xml:25:9-41
	android:roundIcon
		ADDED from src/main/AndroidManifest.xml:26:9-54
	android:icon
		ADDED from src/main/AndroidManifest.xml:24:9-43
	android:allowBackup
		ADDED from src/main/AndroidManifest.xml:23:9-36
	android:theme
		ADDED from src/main/AndroidManifest.xml:28:9-40
meta-data#com.google.firebase.messaging.default_notification_icon
ADDED from src/main/AndroidManifest.xml:32:9-34:60
	android:resource
		ADDED from src/main/AndroidManifest.xml:34:13-57
	android:name
		ADDED from src/main/AndroidManifest.xml:33:13-83
meta-data#com.google.firebase.messaging.default_notification_color
ADDED from src/main/AndroidManifest.xml:35:9-37:54
	android:resource
		ADDED from src/main/AndroidManifest.xml:37:13-51
	android:name
		ADDED from src/main/AndroidManifest.xml:36:13-84
meta-data#com.google.firebase.messaging.default_notification_channel_id
ADDED from src/main/AndroidManifest.xml:38:9-40:49
	android:value
		ADDED from src/main/AndroidManifest.xml:40:13-47
	android:name
		ADDED from src/main/AndroidManifest.xml:39:13-89
meta-data#com.facebook.sdk.ApplicationId
ADDED from src/main/AndroidManifest.xml:43:9-44:54
	android:value
		ADDED from src/main/AndroidManifest.xml:44:13-52
	android:name
		ADDED from src/main/AndroidManifest.xml:43:20-65
meta-data#io.fabric.ApiKey
ADDED from src/main/AndroidManifest.xml:47:9-50:15
	android:value
		ADDED from src/main/AndroidManifest.xml:49:13-69
	android:name
		ADDED from src/main/AndroidManifest.xml:48:13-44
activity#com.android42works.magicapp.activities.SplashActivity
ADDED from src/main/AndroidManifest.xml:54:9-59:20
	android:name
		ADDED from src/main/AndroidManifest.xml:54:19-60
intent-filter#action:name:android.intent.action.MAIN+category:name:android.intent.category.LAUNCHER
ADDED from src/main/AndroidManifest.xml:55:13-58:29
action#android.intent.action.MAIN
ADDED from src/main/AndroidManifest.xml:56:17-69
	android:name
		ADDED from src/main/AndroidManifest.xml:56:25-66
category#android.intent.category.LAUNCHER
ADDED from src/main/AndroidManifest.xml:57:17-77
	android:name
		ADDED from src/main/AndroidManifest.xml:57:27-74
receiver#com.android42works.magicapp.utils.Netwatcher
ADDED from src/main/AndroidManifest.xml:63:9-69:20
	android:enabled
		ADDED from src/main/AndroidManifest.xml:65:13-35
	android:name
		ADDED from src/main/AndroidManifest.xml:64:13-72
intent-filter#action:name:android.net.conn.CONNECTIVITY_CHANGE
ADDED from src/main/AndroidManifest.xml:66:13-68:29
action#android.net.conn.CONNECTIVITY_CHANGE
ADDED from src/main/AndroidManifest.xml:67:17-79
	android:name
		ADDED from src/main/AndroidManifest.xml:67:25-76
activity#com.android42works.magicapp.activities.LoginActivity
ADDED from src/main/AndroidManifest.xml:73:9-140
	android:screenOrientation
		ADDED from src/main/AndroidManifest.xml:73:60-96
	android:windowSoftInputMode
		ADDED from src/main/AndroidManifest.xml:73:97-138
	android:name
		ADDED from src/main/AndroidManifest.xml:73:19-59
activity#com.android42works.magicapp.activities.RegisterActivity
ADDED from src/main/AndroidManifest.xml:74:9-143
	android:screenOrientation
		ADDED from src/main/AndroidManifest.xml:74:63-99
	android:windowSoftInputMode
		ADDED from src/main/AndroidManifest.xml:74:100-141
	android:name
		ADDED from src/main/AndroidManifest.xml:74:19-62
activity#com.android42works.magicapp.activities.ForgotPassActivity
ADDED from src/main/AndroidManifest.xml:75:9-145
	android:screenOrientation
		ADDED from src/main/AndroidManifest.xml:75:65-101
	android:windowSoftInputMode
		ADDED from src/main/AndroidManifest.xml:75:102-143
	android:name
		ADDED from src/main/AndroidManifest.xml:75:19-64
activity#com.android42works.magicapp.activities.HomeActivity
ADDED from src/main/AndroidManifest.xml:76:9-152
	android:screenOrientation
		ADDED from src/main/AndroidManifest.xml:76:59-95
	android:windowSoftInputMode
		ADDED from src/main/AndroidManifest.xml:76:96-150
	android:name
		ADDED from src/main/AndroidManifest.xml:76:19-58
activity#com.android42works.magicapp.activities.EditProfileActivity
ADDED from src/main/AndroidManifest.xml:77:9-159
	android:screenOrientation
		ADDED from src/main/AndroidManifest.xml:77:66-102
	android:windowSoftInputMode
		ADDED from src/main/AndroidManifest.xml:77:103-157
	android:name
		ADDED from src/main/AndroidManifest.xml:77:19-65
activity#com.android42works.magicapp.activities.SettingsActivity
ADDED from src/main/AndroidManifest.xml:78:9-156
	android:screenOrientation
		ADDED from src/main/AndroidManifest.xml:78:63-99
	android:windowSoftInputMode
		ADDED from src/main/AndroidManifest.xml:78:100-154
	android:name
		ADDED from src/main/AndroidManifest.xml:78:19-62
activity#com.android42works.magicapp.activities.OrderHistoryActivity
ADDED from src/main/AndroidManifest.xml:79:9-160
	android:screenOrientation
		ADDED from src/main/AndroidManifest.xml:79:67-103
	android:windowSoftInputMode
		ADDED from src/main/AndroidManifest.xml:79:104-158
	android:name
		ADDED from src/main/AndroidManifest.xml:79:19-66
activity#com.android42works.magicapp.activities.FavouritesActivity
ADDED from src/main/AndroidManifest.xml:80:9-158
	android:screenOrientation
		ADDED from src/main/AndroidManifest.xml:80:65-101
	android:windowSoftInputMode
		ADDED from src/main/AndroidManifest.xml:80:102-156
	android:name
		ADDED from src/main/AndroidManifest.xml:80:19-64
activity#com.android42works.magicapp.activities.TermsOrPrivacyPolicyActivity
ADDED from src/main/AndroidManifest.xml:81:9-168
	android:screenOrientation
		ADDED from src/main/AndroidManifest.xml:81:75-111
	android:windowSoftInputMode
		ADDED from src/main/AndroidManifest.xml:81:112-166
	android:name
		ADDED from src/main/AndroidManifest.xml:81:19-74
activity#com.android42works.magicapp.activities.ContactUsActivity
ADDED from src/main/AndroidManifest.xml:82:9-157
	android:screenOrientation
		ADDED from src/main/AndroidManifest.xml:82:64-100
	android:windowSoftInputMode
		ADDED from src/main/AndroidManifest.xml:82:101-155
	android:name
		ADDED from src/main/AndroidManifest.xml:82:19-63
activity#com.android42works.magicapp.activities.AddNewCardActivity
ADDED from src/main/AndroidManifest.xml:83:9-158
	android:screenOrientation
		ADDED from src/main/AndroidManifest.xml:83:65-101
	android:windowSoftInputMode
		ADDED from src/main/AndroidManifest.xml:83:102-156
	android:name
		ADDED from src/main/AndroidManifest.xml:83:19-64
activity#com.android42works.magicapp.activities.HallMenuActivity
ADDED from src/main/AndroidManifest.xml:84:9-156
	android:screenOrientation
		ADDED from src/main/AndroidManifest.xml:84:63-99
	android:windowSoftInputMode
		ADDED from src/main/AndroidManifest.xml:84:100-154
	android:name
		ADDED from src/main/AndroidManifest.xml:84:19-62
activity#com.android42works.magicapp.activities.DishDetailsActivity
ADDED from src/main/AndroidManifest.xml:85:9-159
	android:screenOrientation
		ADDED from src/main/AndroidManifest.xml:85:66-102
	android:windowSoftInputMode
		ADDED from src/main/AndroidManifest.xml:85:103-157
	android:name
		ADDED from src/main/AndroidManifest.xml:85:19-65
activity#com.android42works.magicapp.activities.CardsListActivity
ADDED from src/main/AndroidManifest.xml:86:9-157
	android:screenOrientation
		ADDED from src/main/AndroidManifest.xml:86:64-100
	android:windowSoftInputMode
		ADDED from src/main/AndroidManifest.xml:86:101-155
	android:name
		ADDED from src/main/AndroidManifest.xml:86:19-63
activity#com.android42works.magicapp.activities.ChangePassActivity
ADDED from src/main/AndroidManifest.xml:87:9-158
	android:screenOrientation
		ADDED from src/main/AndroidManifest.xml:87:65-101
	android:windowSoftInputMode
		ADDED from src/main/AndroidManifest.xml:87:102-156
	android:name
		ADDED from src/main/AndroidManifest.xml:87:19-64
activity#com.android42works.magicapp.activities.OrderSuccessActivity
ADDED from src/main/AndroidManifest.xml:88:9-160
	android:screenOrientation
		ADDED from src/main/AndroidManifest.xml:88:67-103
	android:windowSoftInputMode
		ADDED from src/main/AndroidManifest.xml:88:104-158
	android:name
		ADDED from src/main/AndroidManifest.xml:88:19-66
activity#com.android42works.magicapp.activities.OrderDetailsActivity
ADDED from src/main/AndroidManifest.xml:89:9-160
	android:screenOrientation
		ADDED from src/main/AndroidManifest.xml:89:67-103
	android:windowSoftInputMode
		ADDED from src/main/AndroidManifest.xml:89:104-158
	android:name
		ADDED from src/main/AndroidManifest.xml:89:19-66
activity#com.android42works.magicapp.activities.SearchActivity
ADDED from src/main/AndroidManifest.xml:90:9-142
	android:screenOrientation
		ADDED from src/main/AndroidManifest.xml:90:61-97
	android:windowSoftInputMode
		ADDED from src/main/AndroidManifest.xml:90:98-140
	android:name
		ADDED from src/main/AndroidManifest.xml:90:19-60
activity#com.android42works.magicapp.activities.SkipLoginActivity
ADDED from src/main/AndroidManifest.xml:91:9-157
	android:screenOrientation
		ADDED from src/main/AndroidManifest.xml:91:64-100
	android:windowSoftInputMode
		ADDED from src/main/AndroidManifest.xml:91:101-155
	android:name
		ADDED from src/main/AndroidManifest.xml:91:19-63
activity#com.android42works.magicapp.activities.SkipRegisterActivity
ADDED from src/main/AndroidManifest.xml:92:9-160
	android:screenOrientation
		ADDED from src/main/AndroidManifest.xml:92:67-103
	android:windowSoftInputMode
		ADDED from src/main/AndroidManifest.xml:92:104-158
	android:name
		ADDED from src/main/AndroidManifest.xml:92:19-66
activity#com.android42works.magicapp.activities.AboutUsActivity
ADDED from src/main/AndroidManifest.xml:93:9-155
	android:screenOrientation
		ADDED from src/main/AndroidManifest.xml:93:62-98
	android:windowSoftInputMode
		ADDED from src/main/AndroidManifest.xml:93:99-153
	android:name
		ADDED from src/main/AndroidManifest.xml:93:19-61
activity#com.android42works.magicapp.activities.CartActivity
ADDED from src/main/AndroidManifest.xml:94:9-152
	android:screenOrientation
		ADDED from src/main/AndroidManifest.xml:94:59-95
	android:windowSoftInputMode
		ADDED from src/main/AndroidManifest.xml:94:96-150
	android:name
		ADDED from src/main/AndroidManifest.xml:94:19-58
activity#com.android42works.magicapp.activities.FilterActivity
ADDED from src/main/AndroidManifest.xml:95:9-189
	android:launchMode
		ADDED from src/main/AndroidManifest.xml:95:157-187
	android:windowSoftInputMode
		ADDED from src/main/AndroidManifest.xml:95:61-115
	android:theme
		ADDED from src/main/AndroidManifest.xml:95:116-156
	android:name
		ADDED from src/main/AndroidManifest.xml:95:19-60
service#com.android42works.magicapp.fcm.MyFirebaseMessagingService
ADDED from src/main/AndroidManifest.xml:99:9-104:19
	android:name
		ADDED from src/main/AndroidManifest.xml:100:13-59
intent-filter#action:name:com.google.firebase.MESSAGING_EVENT
ADDED from src/main/AndroidManifest.xml:101:13-103:29
action#com.google.firebase.MESSAGING_EVENT
ADDED from src/main/AndroidManifest.xml:102:17-77
	android:name
		ADDED from src/main/AndroidManifest.xml:102:25-75
uses-sdk
INJECTED from src/main/AndroidManifest.xml reason: use-sdk injection requested
INJECTED from src/main/AndroidManifest.xml
INJECTED from src/main/AndroidManifest.xml
MERGED from [com.android.support:multidex:1.0.3] AndroidManifest.xml:20:5-43
MERGED from [com.android.support:multidex:1.0.3] AndroidManifest.xml:20:5-43
MERGED from [uk.co.chrisjenx:calligraphy:2.3.0] AndroidManifest.xml:7:5-9:41
MERGED from [uk.co.chrisjenx:calligraphy:2.3.0] AndroidManifest.xml:7:5-9:41
MERGED from [com.karumi:dexter:4.2.0] AndroidManifest.xml:22:5-24:41
MERGED from [com.karumi:dexter:4.2.0] AndroidManifest.xml:22:5-24:41
MERGED from [com.stripe:stripe-android:6.1.2] AndroidManifest.xml:7:5-9:41
MERGED from [com.stripe:stripe-android:6.1.2] AndroidManifest.xml:7:5-9:41
MERGED from [com.wdullaer:materialdatetimepicker:3.6.3] AndroidManifest.xml:22:5-24:41
MERGED from [com.wdullaer:materialdatetimepicker:3.6.3] AndroidManifest.xml:22:5-24:41
MERGED from [com.facebook.android:facebook-android-sdk:4.17.0] AndroidManifest.xml:24:5-26:41
MERGED from [com.facebook.android:facebook-android-sdk:4.17.0] AndroidManifest.xml:24:5-26:41
MERGED from [com.android.support:design:27.1.1] AndroidManifest.xml:20:5-44
MERGED from [com.android.support:design:27.1.1] AndroidManifest.xml:20:5-44
MERGED from [com.android.support:appcompat-v7:27.1.1] AndroidManifest.xml:20:5-44
MERGED from [com.android.support:appcompat-v7:27.1.1] AndroidManifest.xml:20:5-44
MERGED from [com.intuit.sdp:sdp-android:1.0.5] AndroidManifest.xml:7:5-9:41
MERGED from [com.intuit.sdp:sdp-android:1.0.5] AndroidManifest.xml:7:5-9:41
MERGED from [com.intuit.ssp:ssp-android:1.0.5] AndroidManifest.xml:7:5-9:41
MERGED from [com.intuit.ssp:ssp-android:1.0.5] AndroidManifest.xml:7:5-9:41
MERGED from [com.codesgood:justifiedtextview:1.0.2] AndroidManifest.xml:8:5-10:41
MERGED from [com.codesgood:justifiedtextview:1.0.2] AndroidManifest.xml:8:5-10:41
MERGED from [io.reactivex.rxjava2:rxandroid:2.0.2] AndroidManifest.xml:19:5-43
MERGED from [io.reactivex.rxjava2:rxandroid:2.0.2] AndroidManifest.xml:19:5-43
MERGED from [com.wang.avi:library:2.1.3] AndroidManifest.xml:7:5-9:41
MERGED from [com.wang.avi:library:2.1.3] AndroidManifest.xml:7:5-9:41
MERGED from [com.google.firebase:firebase-messaging:17.3.0] AndroidManifest.xml:20:5-44
MERGED from [com.google.firebase:firebase-messaging:17.3.0] AndroidManifest.xml:20:5-44
MERGED from [com.google.firebase:firebase-core:16.0.3] AndroidManifest.xml:5:5-44
MERGED from [com.google.firebase:firebase-core:16.0.3] AndroidManifest.xml:5:5-44
MERGED from [com.github.omadahealth:swipy:1.2.3] AndroidManifest.xml:7:5-9:41
MERGED from [com.github.omadahealth:swipy:1.2.3] AndroidManifest.xml:7:5-9:41